seed=200
Generating DOFs...
Simulating observation...
selecting sources
building the image simulator
simulating the images
correcting centroids
Saving sims in butler...
Elapsed time 00h04m19s 

seed=201
Generating DOFs...
Simulating observation...
selecting sources
building the image simulator
simulating the images
correcting centroids
Saving sims in butler...
Elapsed time 00h03m59s 

seed=202
Generating DOFs...
Simulating observation...
selecting sources
building the image simulator
simulating the images
correcting centroids
Saving sims in butler...
Elapsed time 00h02m18s 

seed=203
Generating DOFs...
Simulating observation...
selecting sources
building the image simulator
simulating the images
correcting centroids
Saving sims in butler...
Elapsed time 00h02m25s 

seed=204
Generating DOFs...
Simulating observation...
selecting sources
building the image simulator
simulating the images
correcting centroids
Saving sims in butler...
Elapsed time 00h03m02s 

seed=205
Generating DOFs...
Simulating observation...
selecting sources
building the image simulator
simulating the images
correcting centroids
Saving sims in butler...
Elapsed time 00h03m54s 

seed=206
Generating DOFs...
Simulating observation...
selecting sources
building the image simulator
simulating the images
correcting centroids
Saving sims in butler...
Elapsed time 00h03m47s 

seed=207
Generating DOFs...
Simulating observation...
selecting sources
building the image simulator
simulating the images
correcting centroids
Saving sims in butler...
Elapsed time 00h00m41s 

seed=208
Generating DOFs...
Simulating observation...
selecting sources
building the image simulator
simulating the images
correcting centroids
Saving sims in butler...
Elapsed time 00h06m18s 

seed=209
Generating DOFs...
Simulating observation...
selecting sources
building the image simulator
simulating the images
correcting centroids
Saving sims in butler...
Elapsed time 00h06m19s 

seed=210
Generating DOFs...
Simulating observation...
selecting sources
building the image simulator
simulating the images
correcting centroids
Saving sims in butler...
Elapsed time 00h04m49s 

seed=211
Generating DOFs...
Simulating observation...
selecting sources
building the image simulator
simulating the images
correcting centroids
Saving sims in butler...
Elapsed time 00h04m37s 

seed=212
Generating DOFs...
Simulating observation...
selecting sources
building the image simulator
simulating the images
correcting centroids
Saving sims in butler...
Elapsed time 00h04m03s 

seed=213
Generating DOFs...
Simulating observation...
selecting sources
building the image simulator
simulating the images
correcting centroids
Saving sims in butler...
Elapsed time 00h01m09s 

seed=214
Generating DOFs...
Simulating observation...
selecting sources
building the image simulator
simulating the images
correcting centroids
Saving sims in butler...
Elapsed time 00h02m32s 

seed=215
Generating DOFs...
Simulating observation...
selecting sources
building the image simulator
simulating the images
correcting centroids
Saving sims in butler...
Elapsed time 00h05m59s 

seed=216
Generating DOFs...
Simulating observation...
selecting sources
building the image simulator
simulating the images
correcting centroids
Saving sims in butler...
Elapsed time 00h01m30s 

seed=217
Generating DOFs...
Simulating observation...
selecting sources
building the image simulator
simulating the images
correcting centroids
Saving sims in butler...
Elapsed time 00h05m15s 

seed=218
Generating DOFs...
Simulating observation...
selecting sources
building the image simulator
simulating the images
correcting centroids
Saving sims in butler...
Elapsed time 00h01m00s 

seed=219
Generating DOFs...
Simulating observation...
selecting sources
building the image simulator
simulating the images
correcting centroids
Saving sims in butler...
Elapsed time 00h18m16s 

seed=220
Generating DOFs...
Simulating observation...
selecting sources
building the image simulator
simulating the images
correcting centroids
Saving sims in butler...
Elapsed time 00h01m38s 

seed=221
Generating DOFs...
Simulating observation...
selecting sources
building the image simulator
simulating the images
correcting centroids
Saving sims in butler...
Elapsed time 00h02m47s 

seed=222
Generating DOFs...
Simulating observation...
selecting sources
building the image simulator
simulating the images
correcting centroids
Saving sims in butler...
Elapsed time 00h03m57s 

seed=223
Generating DOFs...
Simulating observation...
selecting sources
building the image simulator
simulating the images
correcting centroids
Saving sims in butler...
Elapsed time 00h03m15s 

seed=224
Generating DOFs...
Simulating observation...
selecting sources
building the image simulator
simulating the images
correcting centroids
Saving sims in butler...
Elapsed time 00h11m06s 

seed=225
Generating DOFs...
Simulating observation...
selecting sources
building the image simulator
simulating the images
correcting centroids
Saving sims in butler...
Elapsed time 00h14m13s 

seed=226
Generating DOFs...
Simulating observation...
selecting sources
building the image simulator
simulating the images
correcting centroids
Saving sims in butler...
Elapsed time 00h11m06s 

seed=227
Generating DOFs...
Simulating observation...
selecting sources
building the image simulator
simulating the images
correcting centroids
Saving sims in butler...
Elapsed time 00h41m03s 

seed=228
Generating DOFs...
Simulating observation...
selecting sources
building the image simulator
simulating the images
correcting centroids
Saving sims in butler...
Elapsed time 00h02m48s 

seed=229
Generating DOFs...
Simulating observation...
selecting sources
building the image simulator
simulating the images
correcting centroids
Saving sims in butler...
Elapsed time 00h01m24s 

seed=230
Generating DOFs...
Simulating observation...
selecting sources
building the image simulator
simulating the images
correcting centroids
Saving sims in butler...
Elapsed time 00h12m43s 

seed=231
Generating DOFs...
Simulating observation...
selecting sources
building the image simulator
simulating the images
correcting centroids
Saving sims in butler...
Elapsed time 00h03m30s 

seed=232
Generating DOFs...
Simulating observation...
selecting sources
building the image simulator
simulating the images
correcting centroids
Saving sims in butler...
Elapsed time 00h55m33s 

seed=233
Generating DOFs...
Simulating observation...
selecting sources
building the image simulator
simulating the images
correcting centroids
Saving sims in butler...
Elapsed time 00h05m05s 

seed=234
Generating DOFs...
Simulating observation...
selecting sources
building the image simulator
simulating the images
correcting centroids
Saving sims in butler...
Elapsed time 00h01m40s 

seed=235
Generating DOFs...
Simulating observation...
selecting sources
building the image simulator
simulating the images
correcting centroids
Saving sims in butler...
Elapsed time 00h01m18s 

seed=236
Generating DOFs...
Simulating observation...
selecting sources
building the image simulator
simulating the images
correcting centroids
Saving sims in butler...
Elapsed time 00h07m15s 

seed=237
Generating DOFs...
Simulating observation...
selecting sources
building the image simulator
simulating the images
correcting centroids
Saving sims in butler...
Elapsed time 00h03m35s 

seed=238
Generating DOFs...
Simulating observation...
selecting sources
building the image simulator
simulating the images
correcting centroids
Saving sims in butler...
Elapsed time 00h02m25s 

seed=239
Generating DOFs...
Simulating observation...
selecting sources
building the image simulator
simulating the images
correcting centroids
Saving sims in butler...
Elapsed time 00h12m57s 

seed=240
Generating DOFs...
Simulating observation...
selecting sources
building the image simulator
simulating the images
correcting centroids
Saving sims in butler...
Elapsed time 00h06m13s 

seed=241
Generating DOFs...
Simulating observation...
selecting sources
building the image simulator
simulating the images
correcting centroids
Saving sims in butler...
Elapsed time 00h04m18s 

seed=242
Generating DOFs...
Simulating observation...
selecting sources
building the image simulator
simulating the images
correcting centroids
Saving sims in butler...
Elapsed time 00h01m11s 

seed=243
Generating DOFs...
Simulating observation...
selecting sources
building the image simulator
simulating the images
correcting centroids
Saving sims in butler...
Elapsed time 00h02m12s 

seed=244
Generating DOFs...
Simulating observation...
selecting sources
building the image simulator
simulating the images
correcting centroids
Saving sims in butler...
Elapsed time 00h03m52s 

seed=245
Generating DOFs...
Simulating observation...
selecting sources
building the image simulator
simulating the images
correcting centroids
Saving sims in butler...
Elapsed time 00h22m09s 

seed=246
Generating DOFs...
Simulating observation...
selecting sources
building the image simulator
simulating the images
correcting centroids
Saving sims in butler...
Elapsed time 00h02m05s 

seed=247
Generating DOFs...
Simulating observation...
selecting sources
building the image simulator
simulating the images
correcting centroids
Saving sims in butler...
Elapsed time 00h10m31s 

seed=248
Generating DOFs...
Simulating observation...
selecting sources
building the image simulator
simulating the images
correcting centroids
Saving sims in butler...
Elapsed time 00h02m36s 

seed=249
Generating DOFs...
Simulating observation...
selecting sources
building the image simulator
simulating the images
correcting centroids
Saving sims in butler...
Elapsed time 00h02m22s 

seed=250
Generating DOFs...
Simulating observation...
selecting sources
building the image simulator
simulating the images
correcting centroids
Saving sims in butler...
Elapsed time 00h04m24s 

seed=251
Generating DOFs...
Simulating observation...
selecting sources
building the image simulator
simulating the images
correcting centroids
Saving sims in butler...
Elapsed time 00h01m54s 

seed=252
Generating DOFs...
Simulating observation...
selecting sources
building the image simulator
simulating the images
correcting centroids
Saving sims in butler...
Elapsed time 00h05m13s 

seed=253
Generating DOFs...
Simulating observation...
selecting sources
building the image simulator
simulating the images
correcting centroids
Saving sims in butler...
Elapsed time 00h08m23s 

seed=254
Generating DOFs...
Simulating observation...
selecting sources
building the image simulator
simulating the images
correcting centroids
Saving sims in butler...
Elapsed time 00h03m44s 

seed=255
Generating DOFs...
Simulating observation...
selecting sources
building the image simulator
simulating the images
correcting centroids
Saving sims in butler...
Elapsed time 00h13m04s 

seed=256
Generating DOFs...
Simulating observation...
selecting sources
building the image simulator
simulating the images
correcting centroids
Saving sims in butler...
Elapsed time 00h03m57s 

seed=257
Generating DOFs...
Simulating observation...
selecting sources
building the image simulator
simulating the images
correcting centroids
Saving sims in butler...
Elapsed time 00h13m21s 

seed=258
Generating DOFs...
Simulating observation...
selecting sources
building the image simulator
simulating the images
correcting centroids
Saving sims in butler...
Elapsed time 00h01m19s 

seed=259
Generating DOFs...
Simulating observation...
selecting sources
building the image simulator
simulating the images
correcting centroids
Saving sims in butler...
Elapsed time 00h02m12s 

seed=260
Generating DOFs...
Simulating observation...
selecting sources
building the image simulator
simulating the images
correcting centroids
Saving sims in butler...
Elapsed time 00h03m15s 

seed=261
Generating DOFs...
Simulating observation...
selecting sources
building the image simulator
simulating the images
correcting centroids
Saving sims in butler...
Elapsed time 00h02m55s 

seed=262
Generating DOFs...
Simulating observation...
selecting sources
building the image simulator
simulating the images
correcting centroids
Saving sims in butler...
Elapsed time 00h05m19s 

seed=263
Generating DOFs...
Simulating observation...
selecting sources
building the image simulator
simulating the images
correcting centroids
Saving sims in butler...
Elapsed time 00h04m10s 

seed=264
Generating DOFs...
Simulating observation...
selecting sources
building the image simulator
simulating the images
correcting centroids
Saving sims in butler...
Elapsed time 00h00m55s 

seed=265
Generating DOFs...
Simulating observation...
selecting sources
building the image simulator
simulating the images
correcting centroids
Saving sims in butler...
Elapsed time 00h06m30s 

seed=266
Generating DOFs...
Simulating observation...
selecting sources
building the image simulator
simulating the images
correcting centroids
Saving sims in butler...
Elapsed time 00h07m30s 

seed=267
Generating DOFs...
Simulating observation...
selecting sources
building the image simulator
simulating the images
correcting centroids
Saving sims in butler...
Elapsed time 00h07m45s 

seed=268
Generating DOFs...
Simulating observation...
selecting sources
building the image simulator
simulating the images
correcting centroids
Saving sims in butler...
Elapsed time 00h06m14s 

seed=269
Generating DOFs...
Simulating observation...
selecting sources
building the image simulator
simulating the images
correcting centroids
Saving sims in butler...
Elapsed time 00h05m00s 

seed=270
Generating DOFs...
Simulating observation...
selecting sources
building the image simulator
simulating the images
correcting centroids
Saving sims in butler...
Elapsed time 00h03m10s 

seed=271
Generating DOFs...
Simulating observation...
selecting sources
building the image simulator
simulating the images
correcting centroids
Saving sims in butler...
Elapsed time 00h01m56s 

seed=272
Generating DOFs...
Simulating observation...
selecting sources
building the image simulator
simulating the images
correcting centroids
Saving sims in butler...
Elapsed time 00h00m55s 

seed=273
Generating DOFs...
Simulating observation...
selecting sources
building the image simulator
simulating the images
correcting centroids
Saving sims in butler...
Elapsed time 00h01m25s 

seed=274
Generating DOFs...
Simulating observation...
selecting sources
building the image simulator
simulating the images
correcting centroids
Saving sims in butler...
Elapsed time 00h01m25s 

seed=275
Generating DOFs...
Simulating observation...
selecting sources
building the image simulator
simulating the images
correcting centroids
Saving sims in butler...
Elapsed time 00h02m24s 

seed=276
Generating DOFs...
Simulating observation...
selecting sources
building the image simulator
simulating the images
correcting centroids
Saving sims in butler...
Elapsed time 00h02m49s 

seed=277
Generating DOFs...
Simulating observation...
selecting sources
building the image simulator
simulating the images
correcting centroids
Saving sims in butler...
Elapsed time 00h01m34s 

seed=278
Generating DOFs...
Simulating observation...
selecting sources
building the image simulator
simulating the images
correcting centroids
Saving sims in butler...
Elapsed time 00h02m53s 

seed=279
Generating DOFs...
Simulating observation...
selecting sources
building the image simulator
simulating the images
correcting centroids
Saving sims in butler...
Elapsed time 00h01m22s 

seed=280
Generating DOFs...
Simulating observation...
selecting sources
building the image simulator
simulating the images
correcting centroids
Saving sims in butler...
Elapsed time 00h06m11s 

seed=281
Generating DOFs...
Simulating observation...
selecting sources
building the image simulator
simulating the images
correcting centroids
Saving sims in butler...
Elapsed time 00h04m31s 

seed=282
Generating DOFs...
Simulating observation...
selecting sources
building the image simulator
simulating the images
correcting centroids
Saving sims in butler...
Elapsed time 00h05m24s 

seed=283
Generating DOFs...
Simulating observation...
selecting sources
building the image simulator
simulating the images
correcting centroids
Saving sims in butler...
Elapsed time 00h01m01s 

seed=284
Generating DOFs...
Simulating observation...
selecting sources
building the image simulator
simulating the images
correcting centroids
Saving sims in butler...
Elapsed time 00h21m38s 

seed=285
Generating DOFs...
Simulating observation...
selecting sources
building the image simulator
simulating the images
correcting centroids
Saving sims in butler...
Elapsed time 00h04m59s 

seed=286
Generating DOFs...
Simulating observation...
selecting sources
building the image simulator
simulating the images
correcting centroids
Saving sims in butler...
Elapsed time 00h06m48s 

seed=287
Generating DOFs...
Simulating observation...
selecting sources
building the image simulator
simulating the images
correcting centroids
Saving sims in butler...
Elapsed time 00h01m03s 

seed=288
Generating DOFs...
Simulating observation...
selecting sources
building the image simulator
simulating the images
correcting centroids
Saving sims in butler...
Elapsed time 00h02m29s 

seed=289
Generating DOFs...
Simulating observation...
selecting sources
building the image simulator
simulating the images
correcting centroids
Saving sims in butler...
Elapsed time 00h05m56s 

seed=290
Generating DOFs...
Simulating observation...
selecting sources
building the image simulator
simulating the images
correcting centroids
Saving sims in butler...
Elapsed time 00h07m15s 

seed=291
Generating DOFs...
Simulating observation...
selecting sources
building the image simulator
simulating the images
correcting centroids
Saving sims in butler...
Elapsed time 00h01m46s 

seed=292
Generating DOFs...
Simulating observation...
selecting sources
building the image simulator
simulating the images
correcting centroids
Saving sims in butler...
Elapsed time 00h07m02s 

seed=293
Generating DOFs...
Simulating observation...
selecting sources
building the image simulator
simulating the images
correcting centroids
Saving sims in butler...
Elapsed time 00h06m04s 

seed=294
Generating DOFs...
Simulating observation...
selecting sources
building the image simulator
simulating the images
correcting centroids
Saving sims in butler...
Elapsed time 00h01m08s 

seed=295
Generating DOFs...
Simulating observation...
selecting sources
building the image simulator
simulating the images
correcting centroids
Saving sims in butler...
Elapsed time 00h04m57s 

seed=296
Generating DOFs...
Simulating observation...
selecting sources
building the image simulator
simulating the images
correcting centroids
Saving sims in butler...
Elapsed time 00h03m02s 

seed=297
Generating DOFs...
Simulating observation...
selecting sources
building the image simulator
simulating the images
correcting centroids
Saving sims in butler...
Elapsed time 00h01m12s 

seed=298
Generating DOFs...
Simulating observation...
selecting sources
building the image simulator
simulating the images
correcting centroids
Saving sims in butler...
Elapsed time 00h04m42s 

seed=299
Generating DOFs...
Simulating observation...
selecting sources
building the image simulator
simulating the images
correcting centroids
Saving sims in butler...
Elapsed time 00h01m15s 

script time 09h29m11s
