seed=100
Generating DOFs...
Simulating observation...
selecting sources
building the image simulator
simulating the images
correcting centroids
Saving sims in butler...
Elapsed time 00h02m08s 

seed=101
Generating DOFs...
Simulating observation...
selecting sources
building the image simulator
simulating the images
correcting centroids
Saving sims in butler...
Elapsed time 00h16m29s 

seed=102
Generating DOFs...
Simulating observation...
selecting sources
building the image simulator
simulating the images
correcting centroids
Saving sims in butler...
Elapsed time 00h05m29s 

seed=103
Generating DOFs...
Simulating observation...
selecting sources
building the image simulator
simulating the images
correcting centroids
Saving sims in butler...
Elapsed time 00h06m33s 

seed=104
Generating DOFs...
Simulating observation...
selecting sources
building the image simulator
simulating the images
correcting centroids
Saving sims in butler...
Elapsed time 00h02m09s 

seed=105
Generating DOFs...
Simulating observation...
selecting sources
building the image simulator
simulating the images
correcting centroids
Saving sims in butler...
Elapsed time 00h02m10s 

seed=106
Generating DOFs...
Simulating observation...
selecting sources
building the image simulator
simulating the images
correcting centroids
Saving sims in butler...
Elapsed time 00h11m34s 

seed=107
Generating DOFs...
Simulating observation...
selecting sources
building the image simulator
simulating the images
correcting centroids
Saving sims in butler...
Elapsed time 00h03m22s 

seed=108
Generating DOFs...
Simulating observation...
selecting sources
building the image simulator
simulating the images
correcting centroids
Saving sims in butler...
Elapsed time 00h02m23s 

seed=109
Generating DOFs...
Simulating observation...
selecting sources
building the image simulator
simulating the images
correcting centroids
Saving sims in butler...
Elapsed time 00h04m28s 

seed=110
Generating DOFs...
Simulating observation...
selecting sources
building the image simulator
simulating the images
correcting centroids
Saving sims in butler...
Elapsed time 00h03m32s 

seed=111
Generating DOFs...
Simulating observation...
selecting sources
building the image simulator
simulating the images
correcting centroids
Saving sims in butler...
Elapsed time 00h02m14s 

seed=112
Generating DOFs...
Simulating observation...
selecting sources
building the image simulator
simulating the images
correcting centroids
Saving sims in butler...
Elapsed time 00h00m50s 

seed=113
Generating DOFs...
Simulating observation...
selecting sources
building the image simulator
simulating the images
correcting centroids
Saving sims in butler...
Elapsed time 00h01m08s 

seed=114
Generating DOFs...
Simulating observation...
selecting sources
building the image simulator
simulating the images
correcting centroids
Saving sims in butler...
Elapsed time 00h11m37s 

seed=115
Generating DOFs...
Simulating observation...
selecting sources
building the image simulator
simulating the images
correcting centroids
Saving sims in butler...
Elapsed time 00h02m28s 

seed=116
Generating DOFs...
Simulating observation...
selecting sources
building the image simulator
simulating the images
correcting centroids
Saving sims in butler...
Elapsed time 00h03m55s 

seed=117
Generating DOFs...
Simulating observation...
selecting sources
building the image simulator
simulating the images
correcting centroids
Saving sims in butler...
Elapsed time 00h03m33s 

seed=118
Generating DOFs...
Simulating observation...
selecting sources
building the image simulator
simulating the images
correcting centroids
Saving sims in butler...
Elapsed time 00h06m01s 

seed=119
Generating DOFs...
Simulating observation...
selecting sources
building the image simulator
simulating the images
correcting centroids
Saving sims in butler...
Elapsed time 00h02m25s 

seed=120
Generating DOFs...
Simulating observation...
selecting sources
building the image simulator
simulating the images
correcting centroids
Saving sims in butler...
Elapsed time 00h01m40s 

seed=121
Generating DOFs...
Simulating observation...
selecting sources
building the image simulator
simulating the images
correcting centroids
Saving sims in butler...
Elapsed time 00h01m29s 

seed=122
Generating DOFs...
Simulating observation...
selecting sources
building the image simulator
simulating the images
correcting centroids
Saving sims in butler...
Elapsed time 00h02m02s 

seed=123
Generating DOFs...
Simulating observation...
selecting sources
building the image simulator
simulating the images
correcting centroids
Saving sims in butler...
Elapsed time 00h01m51s 

seed=124
Generating DOFs...
Simulating observation...
selecting sources
building the image simulator
simulating the images
correcting centroids
Saving sims in butler...
Elapsed time 00h02m19s 

seed=125
Generating DOFs...
Simulating observation...
selecting sources
building the image simulator
simulating the images
correcting centroids
Saving sims in butler...
Elapsed time 00h02m13s 

seed=126
Generating DOFs...
Simulating observation...
selecting sources
building the image simulator
simulating the images
correcting centroids
Saving sims in butler...
Elapsed time 00h03m18s 

seed=127
Generating DOFs...
Simulating observation...
selecting sources
building the image simulator
simulating the images
correcting centroids
Saving sims in butler...
Elapsed time 00h02m14s 

seed=128
Generating DOFs...
Simulating observation...
selecting sources
building the image simulator
simulating the images
correcting centroids
Saving sims in butler...
Elapsed time 00h00m54s 

seed=129
Generating DOFs...
Simulating observation...
selecting sources
building the image simulator
simulating the images
correcting centroids
Saving sims in butler...
Elapsed time 00h04m00s 

seed=130
Generating DOFs...
Simulating observation...
selecting sources
building the image simulator
simulating the images
correcting centroids
Saving sims in butler...
Elapsed time 00h06m37s 

seed=131
Generating DOFs...
Simulating observation...
selecting sources
building the image simulator
simulating the images
correcting centroids
Saving sims in butler...
Elapsed time 00h00m58s 

seed=132
Generating DOFs...
Simulating observation...
selecting sources
building the image simulator
simulating the images
correcting centroids
Saving sims in butler...
Elapsed time 00h02m21s 

seed=133
Generating DOFs...
Simulating observation...
selecting sources
building the image simulator
simulating the images
correcting centroids
Saving sims in butler...
Elapsed time 00h03m32s 

seed=134
Generating DOFs...
Simulating observation...
selecting sources
building the image simulator
simulating the images
correcting centroids
Saving sims in butler...
Elapsed time 00h03m06s 

seed=135
Generating DOFs...
Simulating observation...
selecting sources
building the image simulator
simulating the images
correcting centroids
Saving sims in butler...
Elapsed time 00h05m26s 

seed=136
Generating DOFs...
Simulating observation...
selecting sources
building the image simulator
simulating the images
correcting centroids
Saving sims in butler...
Elapsed time 00h02m51s 

seed=137
Generating DOFs...
Simulating observation...
selecting sources
building the image simulator
simulating the images
correcting centroids
Saving sims in butler...
Elapsed time 00h05m48s 

seed=138
Generating DOFs...
Simulating observation...
selecting sources
building the image simulator
simulating the images
correcting centroids
Saving sims in butler...
Elapsed time 00h02m07s 

seed=139
Generating DOFs...
Simulating observation...
selecting sources
building the image simulator
simulating the images
correcting centroids
Saving sims in butler...
Elapsed time 00h01m58s 

seed=140
Generating DOFs...
Simulating observation...
selecting sources
building the image simulator
simulating the images
correcting centroids
Saving sims in butler...
Elapsed time 00h05m01s 

seed=141
Generating DOFs...
Simulating observation...
selecting sources
building the image simulator
simulating the images
correcting centroids
Saving sims in butler...
Elapsed time 00h01m45s 

seed=142
Generating DOFs...
Simulating observation...
selecting sources
building the image simulator
simulating the images
correcting centroids
Saving sims in butler...
Elapsed time 00h22m20s 

seed=143
Generating DOFs...
Simulating observation...
selecting sources
building the image simulator
simulating the images
correcting centroids
Saving sims in butler...
Elapsed time 00h04m46s 

seed=144
Generating DOFs...
Simulating observation...
selecting sources
building the image simulator
simulating the images
correcting centroids
Saving sims in butler...
Elapsed time 00h03m04s 

seed=145
Generating DOFs...
Simulating observation...
selecting sources
building the image simulator
simulating the images
correcting centroids
Saving sims in butler...
Elapsed time 00h01m09s 

seed=146
Generating DOFs...
Simulating observation...
selecting sources
building the image simulator
simulating the images
correcting centroids
Saving sims in butler...
Elapsed time 00h02m40s 

seed=147
Generating DOFs...
Simulating observation...
selecting sources
building the image simulator
simulating the images
correcting centroids
Saving sims in butler...
Elapsed time 00h01m00s 

seed=148
Generating DOFs...
Simulating observation...
selecting sources
building the image simulator
simulating the images
correcting centroids
Saving sims in butler...
Elapsed time 00h01m27s 

seed=149
Generating DOFs...
Simulating observation...
selecting sources
building the image simulator
simulating the images
correcting centroids
Saving sims in butler...
Elapsed time 00h01m05s 

seed=150
Generating DOFs...
Simulating observation...
selecting sources
building the image simulator
simulating the images
correcting centroids
Saving sims in butler...
Elapsed time 00h04m20s 

seed=151
Generating DOFs...
Simulating observation...
selecting sources
building the image simulator
simulating the images
correcting centroids
Saving sims in butler...
Elapsed time 00h06m54s 

seed=152
Generating DOFs...
Simulating observation...
selecting sources
building the image simulator
simulating the images
correcting centroids
Saving sims in butler...
Elapsed time 00h01m25s 

seed=153
Generating DOFs...
Simulating observation...
selecting sources
building the image simulator
simulating the images
correcting centroids
Saving sims in butler...
Elapsed time 00h01m05s 

seed=154
Generating DOFs...
Simulating observation...
selecting sources
building the image simulator
simulating the images
correcting centroids
Saving sims in butler...
Elapsed time 00h01m08s 

seed=155
Generating DOFs...
Simulating observation...
selecting sources
building the image simulator
simulating the images
correcting centroids
Saving sims in butler...
Elapsed time 00h06m07s 

seed=156
Generating DOFs...
Simulating observation...
selecting sources
building the image simulator
simulating the images
correcting centroids
Saving sims in butler...
Elapsed time 00h10m16s 

seed=157
Generating DOFs...
Simulating observation...
selecting sources
building the image simulator
simulating the images
correcting centroids
Saving sims in butler...
Elapsed time 00h07m46s 

seed=158
Generating DOFs...
Simulating observation...
selecting sources
building the image simulator
simulating the images
correcting centroids
Saving sims in butler...
Elapsed time 00h02m25s 

seed=159
Generating DOFs...
Simulating observation...
selecting sources
building the image simulator
simulating the images
correcting centroids
Saving sims in butler...
Elapsed time 00h02m37s 

seed=160
Generating DOFs...
Simulating observation...
selecting sources
building the image simulator
simulating the images
correcting centroids
Saving sims in butler...
Elapsed time 00h04m30s 

seed=161
Generating DOFs...
Simulating observation...
selecting sources
building the image simulator
simulating the images
correcting centroids
Saving sims in butler...
Elapsed time 00h05m17s 

seed=162
Generating DOFs...
Simulating observation...
selecting sources
building the image simulator
simulating the images
correcting centroids
Saving sims in butler...
Elapsed time 00h03m53s 

seed=163
Generating DOFs...
Simulating observation...
selecting sources
building the image simulator
simulating the images
correcting centroids
Saving sims in butler...
Elapsed time 00h01m27s 

seed=164
Generating DOFs...
Simulating observation...
selecting sources
building the image simulator
simulating the images
correcting centroids
Saving sims in butler...
Elapsed time 00h06m34s 

seed=165
Generating DOFs...
Simulating observation...
selecting sources
building the image simulator
simulating the images
correcting centroids
Saving sims in butler...
Elapsed time 00h01m55s 

seed=166
Generating DOFs...
Simulating observation...
selecting sources
building the image simulator
simulating the images
correcting centroids
Saving sims in butler...
Elapsed time 00h05m29s 

seed=167
Generating DOFs...
Simulating observation...
selecting sources
building the image simulator
simulating the images
correcting centroids
Saving sims in butler...
Elapsed time 00h03m31s 

seed=168
Generating DOFs...
Simulating observation...
selecting sources
building the image simulator
simulating the images
correcting centroids
Saving sims in butler...
Elapsed time 00h03m11s 

seed=169
Generating DOFs...
Simulating observation...
selecting sources
building the image simulator
simulating the images
correcting centroids
Saving sims in butler...
Elapsed time 00h02m38s 

seed=170
Generating DOFs...
Simulating observation...
selecting sources
building the image simulator
simulating the images
correcting centroids
Saving sims in butler...
Elapsed time 00h05m40s 

seed=171
Generating DOFs...
Simulating observation...
selecting sources
building the image simulator
simulating the images
correcting centroids
Saving sims in butler...
Elapsed time 00h02m46s 

seed=172
Generating DOFs...
Simulating observation...
selecting sources
building the image simulator
simulating the images
correcting centroids
Saving sims in butler...
Elapsed time 00h04m21s 

seed=173
Generating DOFs...
Simulating observation...
selecting sources
building the image simulator
simulating the images
correcting centroids
Saving sims in butler...
Elapsed time 00h01m35s 

seed=174
Generating DOFs...
Simulating observation...
selecting sources
building the image simulator
simulating the images
correcting centroids
Saving sims in butler...
Elapsed time 00h13m22s 

seed=175
Generating DOFs...
Simulating observation...
selecting sources
building the image simulator
simulating the images
correcting centroids
Saving sims in butler...
Elapsed time 00h05m35s 

seed=176
Generating DOFs...
Simulating observation...
selecting sources
building the image simulator
simulating the images
correcting centroids
Saving sims in butler...
Elapsed time 00h01m41s 

seed=177
Generating DOFs...
Simulating observation...
selecting sources
building the image simulator
simulating the images
correcting centroids
Saving sims in butler...
Elapsed time 00h04m57s 

seed=178
Generating DOFs...
Simulating observation...
selecting sources
building the image simulator
simulating the images
correcting centroids
Saving sims in butler...
Elapsed time 00h00m59s 

seed=179
Generating DOFs...
Simulating observation...
selecting sources
building the image simulator
simulating the images
correcting centroids
Saving sims in butler...
Elapsed time 00h02m27s 

seed=180
Generating DOFs...
Simulating observation...
selecting sources
building the image simulator
simulating the images
correcting centroids
Saving sims in butler...
Elapsed time 00h04m46s 

seed=181
Generating DOFs...
Simulating observation...
selecting sources
building the image simulator
simulating the images
correcting centroids
Saving sims in butler...
Elapsed time 00h00m59s 

seed=182
Generating DOFs...
Simulating observation...
selecting sources
building the image simulator
simulating the images
correcting centroids
Saving sims in butler...
Elapsed time 00h11m06s 

seed=183
Generating DOFs...
Simulating observation...
selecting sources
building the image simulator
simulating the images
correcting centroids
Saving sims in butler...
Elapsed time 00h04m08s 

seed=184
Generating DOFs...
Simulating observation...
selecting sources
building the image simulator
simulating the images
correcting centroids
Saving sims in butler...
Elapsed time 00h02m06s 

seed=185
Generating DOFs...
Simulating observation...
selecting sources
building the image simulator
simulating the images
correcting centroids
Saving sims in butler...
Elapsed time 00h02m07s 

seed=186
Generating DOFs...
Simulating observation...
selecting sources
building the image simulator
simulating the images
correcting centroids
Saving sims in butler...
Elapsed time 00h02m21s 

seed=187
Generating DOFs...
Simulating observation...
selecting sources
building the image simulator
simulating the images
correcting centroids
Saving sims in butler...
Elapsed time 00h06m01s 

seed=188
Generating DOFs...
Simulating observation...
selecting sources
building the image simulator
simulating the images
correcting centroids
Saving sims in butler...
Elapsed time 00h02m39s 

seed=189
Generating DOFs...
Simulating observation...
selecting sources
building the image simulator
simulating the images
correcting centroids
Saving sims in butler...
Elapsed time 00h04m23s 

seed=190
Generating DOFs...
Simulating observation...
selecting sources
building the image simulator
simulating the images
correcting centroids
Saving sims in butler...
Elapsed time 00h01m54s 

seed=191
Generating DOFs...
Simulating observation...
selecting sources
building the image simulator
simulating the images
correcting centroids
Saving sims in butler...
Elapsed time 00h02m42s 

seed=192
Generating DOFs...
Simulating observation...
selecting sources
building the image simulator
simulating the images
correcting centroids
Saving sims in butler...
Elapsed time 00h03m52s 

seed=193
Generating DOFs...
Simulating observation...
selecting sources
building the image simulator
simulating the images
correcting centroids
Saving sims in butler...
Elapsed time 00h03m21s 

seed=194
Generating DOFs...
Simulating observation...
selecting sources
building the image simulator
simulating the images
correcting centroids
Saving sims in butler...
Elapsed time 00h05m13s 

seed=195
Generating DOFs...
Simulating observation...
selecting sources
building the image simulator
simulating the images
correcting centroids
Saving sims in butler...
Elapsed time 00h06m53s 

seed=196
Generating DOFs...
Simulating observation...
selecting sources
building the image simulator
simulating the images
correcting centroids
Saving sims in butler...
Elapsed time 00h22m21s 

seed=197
Generating DOFs...
Simulating observation...
selecting sources
building the image simulator
simulating the images
correcting centroids
Saving sims in butler...
Elapsed time 00h17m13s 

seed=198
Generating DOFs...
Simulating observation...
selecting sources
building the image simulator
simulating the images
correcting centroids
Saving sims in butler...
Elapsed time 00h02m19s 

seed=199
Generating DOFs...
Simulating observation...
selecting sources
building the image simulator
simulating the images
correcting centroids
Saving sims in butler...
Elapsed time 00h18m05s 

script time 07h26m40s
